<?xml version="1.0" encoding="UTF-8"?>
<!-- Generated by org.testng.reporters.JUnitXMLReporter -->
<testsuite hostname="DESKTOP-S2ELRE8" ignored="0" name="BankingApp Test" tests="6" failures="0" timestamp="29 Dec 2018 13:58:19 GMT" time="90.58" errors="0">
  <testcase name="LoginTest" time="5.77" classname="com.inetbanking.testCases.TC_LoginTest_001"/>
  <testcase name="loginDDT" time="12.408" classname="com.inetbanking.testCases.TC_LoginDDT_002"/>
  <testcase name="loginDDT" time="12.685" classname="com.inetbanking.testCases.TC_LoginDDT_002"/>
  <testcase name="loginDDT" time="12.888" classname="com.inetbanking.testCases.TC_LoginDDT_002"/>
  <testcase name="loginDDT" time="13.295" classname="com.inetbanking.testCases.TC_LoginDDT_002"/>
  <testcase name="loginDDT" time="12.577" classname="com.inetbanking.testCases.TC_LoginDDT_002"/>
</testsuite> <!-- BankingApp Test -->
